<?xml version="1.0" encoding="UTF-8"?>
<testsuite xmlns:xsi="http://www.w3.org/2001/XMLSchema-instance" xsi:noNamespaceSchemaLocation="https://maven.apache.org/surefire/maven-surefire-plugin/xsd/surefire-test-report-3.0.xsd" version="3.0" name="org.bonespirito.LambdaHandlerTest" time="2.83" tests="1" errors="0" skipped="0" failures="0">
  <properties>
[...]
</properties>
  <testcase name="testSimpleLambdaSuccess" classname="org.bonespirito.LambdaHandlerTest" time="0.228">
    <system-out><![CDATA[Downloading from central: https://repo.maven.apache.org/maven2/io/quarkus/quarkus-bom-quarkus-platform-properties/2.3.0.Final/quarkus-bom-quarkus-platform-properties-2.3.0.Final.properties
Progress (1): quarkus-bom-quarkus-platform-properties-2.3.0.Final.properties (90 B)                                                                                   Downloaded from central: https://repo.maven.apache.org/maven2/io/quarkus/quarkus-bom-quarkus-platform-properties/2.3.0.Final/quarkus-bom-quarkus-platform-properties-2.3.0.Final.properties (90 B at 87 B/s)
2021-10-10 09:54:11,966 INFO  [io.qua.ama.lam.run.MockEventServer] (build-19) Mock Lambda Event Server Started
2021-10-10 09:54:12,247 INFO  [io.qua.ama.lam.run.AbstractLambdaPollLoop] (Lambda Thread (TEST)) Listening on: http://localhost:8081/_lambda_/2018-06-01/runtime/invocation/next
2021-10-10 09:54:12,253 INFO  [io.quarkus] (main) Quarkus 2.3.0.Final on JVM started in 0.702s. 
2021-10-10 09:54:12,254 INFO  [io.quarkus] (main) Profile test activated. 
2021-10-10 09:54:12,254 INFO  [io.quarkus] (main) Installed features: [amazon-lambda, cdi]
]]></system-out>
  </testcase>
</testsuite>